<?xml version="1.0" encoding="UTF-8"?>
<Site BuildName="(empty)"
	BuildStamp="20240907-0855-Experimental"
	Name="kitil"
	Generator="ctest-3.16.3"
	CompilerName="/usr/bin/c++"
	CompilerVersion="9.4.0"
	OSName="Linux"
	Hostname="kitil"
	OSRelease="6.1.0-060100-generic"
	OSVersion="#202303090726 SMP PREEMPT_DYNAMIC Thu Mar  9 12:33:28 UTC 2023"
	OSPlatform="x86_64"
	Is64Bits="1"
	VendorString="GenuineIntel"
	VendorID="Intel Corporation"
	FamilyID="6"
	ModelID="191"
	ProcessorCacheSize="20480"
	NumberOfLogicalCPU="16"
	NumberOfPhysicalCPU="10"
	TotalVirtualMemory="23841"
	TotalPhysicalMemory="15768"
	LogicalProcessorsPerPhysical="1"
	ProcessorClockFrequency="4091.21"
	>
	<Testing>
		<StartDateTime>Sep 07 21:22 CST</StartDateTime>
		<StartTestTime>1725715323</StartTestTime>
		<TestList/>
		<EndDateTime>Sep 07 21:22 CST</EndDateTime>
		<EndTestTime>1725715323</EndTestTime>
		<ElapsedMinutes>0</ElapsedMinutes>
	</Testing>
</Site>
